0001_0046_0025_0027_0027.jpg 1 46 25 27 27
0002_0024_0037_0046_0046.jpg 1 24 37 46 46
0003_0029_0005_0057_0057.jpg 1 29 5 57 57
0004_0043_0061_0028_0028.jpg 1 43 61 28 28
0005_0008_0040_0053_0053.jpg 1 8 40 53 53
0006_0028_0030_0052_0052.jpg 1 28 30 52 52
0007_0021_0043_0049_0049.jpg 1 21 43 49 49
0008_0024_0014_0063_0063.jpg 1 24 14 63 63
0009_0062_0028_0030_0030.jpg 1 62 28 30 30
0010_0030_0018_0060_0060.jpg 1 30 18 60 60
0011_0041_0057_0035_0035.jpg 1 41 57 35 35
0012_0049_0010_0042_0042.jpg 1 49 10 42 42
0013_0017_0061_0027_0027.jpg 1 17 61 27 27
0014_0010_0029_0053_0053.jpg 1 10 29 53 53
0015_0027_0024_0028_0028.jpg 1 27 24 28 28
0016_0029_0028_0056_0056.jpg 1 29 28 56 56
0017_0030_0011_0027_0027.jpg 1 30 11 27 27
0018_0012_0005_0063_0063.jpg 1 12 5 63 63
0019_0007_0031_0064_0064.jpg 1 7 31 64 64
0020_0009_0025_0059_0059.jpg 1 9 25 59 59
0021_0057_0011_0024_0024.jpg 1 57 11 24 24
0022_0018_0006_0062_0062.jpg 1 18 6 62 62
0023_0021_0027_0069_0069.jpg 1 21 27 69 69
0024_0049_0032_0030_0030.jpg 1 49 32 30 30
0025_0051_0013_0029_0029.jpg 1 51 13 29 29
0026_0049_0041_0042_0042.jpg 1 49 41 42 42
0027_0007_0032_0057_0057.jpg 1 7 32 57 57
0028_0011_0019_0052_0052.jpg 1 11 19 52 52
0029_0030_0029_0025_0025.jpg 1 30 29 25 25
0030_0019_0038_0038_0038.jpg 1 19 38 38 38
0031_0051_0020_0034_0034.jpg 1 51 20 34 34
0032_0045_0043_0029_0029.jpg 1 45 43 29 29
0033_0032_0031_0058_0058.jpg 1 32 31 58 58
0034_0030_0055_0025_0025.jpg 1 30 55 25 25
0035_0045_0034_0028_0028.jpg 1 45 34 28 28
0036_0027_0025_0029_0029.jpg 1 27 25 29 29
0037_0043_0040_0026_0026.jpg 1 43 40 26 26
0038_0051_0010_0034_0034.jpg 1 51 10 34 34
0039_0039_0021_0048_0048.jpg 1 39 21 48 48
0040_0029_0047_0046_0046.jpg 1 29 47 46 46
0041_0016_0023_0067_0067.jpg 1 16 23 67 67
0042_0007_0027_0046_0046.jpg 1 7 27 46 46
0043_0051_0043_0039_0039.jpg 1 51 43 39 39
0044_0007_0025_0035_0035.jpg 1 7 25 35 35
0045_0015_0032_0053_0053.jpg 1 15 32 53 53
0046_0034_0015_0054_0054.jpg 1 34 15 54 54
0047_0013_0019_0062_0062.jpg 1 13 19 62 62
0048_0039_0013_0048_0048.jpg 1 39 13 48 48
0049_0034_0033_0058_0058.jpg 1 34 33 58 58
0050_0024_0047_0029_0029.jpg 1 24 47 29 29
0051_0024_0008_0068_0068.jpg 1 24 8 68 68
0052_0007_0043_0051_0051.jpg 1 7 43 51 51
0053_0010_0006_0055_0055.jpg 1 10 6 55 55
0054_0019_0034_0052_0052.jpg 1 19 34 52 52
0055_0035_0009_0058_0058.jpg 1 35 9 58 58
0056_0048_0045_0028_0028.jpg 1 48 45 28 28
0057_0043_0055_0038_0038.jpg 1 43 55 38 38
0058_0018_0013_0061_0061.jpg 1 18 13 61 61
0059_0022_0013_0024_0024.jpg 1 22 13 24 24
0060_0009_0016_0026_0026.jpg 1 9 16 26 26
0061_0027_0022_0042_0042.jpg 1 27 22 42 42
0062_0024_0043_0046_0046.jpg 1 24 43 46 46
0063_0023_0036_0058_0058.jpg 1 23 36 58 58
0064_0016_0042_0050_0050.jpg 1 16 42 50 50
0065_0028_0018_0053_0053.jpg 1 28 18 53 53
0066_0026_0027_0052_0052.jpg 1 26 27 52 52
0067_0012_0016_0045_0045.jpg 1 12 16 45 45
0068_0013_0055_0034_0034.jpg 1 13 55 34 34
0069_0012_0030_0056_0056.jpg 1 12 30 56 56
0070_0005_0019_0052_0052.jpg 1 5 19 52 52
0071_0018_0027_0042_0042.jpg 1 18 27 42 42
0072_0024_0029_0033_0033.jpg 1 24 29 33 33
0073_0008_0017_0053_0053.jpg 1 8 17 53 53
0074_0010_0025_0043_0043.jpg 1 10 25 43 43
0075_0030_0028_0047_0047.jpg 1 30 28 47 47
0076_0025_0020_0058_0058.jpg 1 25 20 58 58
0077_0022_0023_0067_0067.jpg 1 22 23 67 67
0078_0014_0021_0026_0026.jpg 1 14 21 26 26
0079_0060_0018_0032_0032.jpg 1 60 18 32 32
0080_0015_0005_0052_0052.jpg 1 15 5 52 52
0081_0027_0024_0064_0064.jpg 1 27 24 64 64
0082_0033_0041_0049_0049.jpg 1 33 41 49 49
0083_0039_0013_0054_0054.jpg 1 39 13 54 54
0084_0009_0004_0065_0065.jpg 1 9 4 65 65
0085_0049_0016_0041_0041.jpg 1 49 16 41 41
0086_0025_0007_0067_0067.jpg 1 25 7 67 67
0087_0054_0007_0039_0039.jpg 1 54 7 39 39
0088_0026_0051_0029_0029.jpg 1 26 51 29 29
0089_0046_0027_0036_0036.jpg 1 46 27 36 36
0090_0045_0043_0049_0049.jpg 1 45 43 49 49
0091_0007_0033_0049_0049.jpg 1 7 33 49 49
0092_0005_0038_0057_0057.jpg 1 5 38 57 57
0093_0033_0009_0034_0034.jpg 1 33 9 34 34
0094_0020_0033_0046_0046.jpg 1 20 33 46 46
0095_0024_0017_0048_0048.jpg 1 24 17 48 48
0096_0026_0019_0053_0053.jpg 1 26 19 53 53
0097_0029_0024_0063_0063.jpg 1 29 24 63 63
0098_0033_0030_0052_0052.jpg 1 33 30 52 52
0099_0011_0044_0047_0047.jpg 1 11 44 47 47
0100_0016_0010_0026_0026.jpg 1 16 10 26 26
0101_0013_0004_0052_0052.jpg 1 13 4 52 52
0102_0019_0016_0029_0029.jpg 1 19 16 29 29
0103_0019_0012_0069_0069.jpg 1 19 12 69 69
0104_0031_0019_0039_0039.jpg 1 31 19 39 39
0105_0013_0042_0038_0038.jpg 1 13 42 38 38
0106_0022_0008_0050_0050.jpg 1 22 8 50 50
0107_0031_0023_0060_0060.jpg 1 31 23 60 60
0108_0017_0039_0036_0036.jpg 1 17 39 36 36
0109_0025_0029_0028_0028.jpg 1 25 29 28 28
0110_0047_0041_0040_0040.jpg 1 47 41 40 40
0111_0018_0018_0028_0028.jpg 1 18 18 28 28
0112_0023_0053_0039_0039.jpg 1 23 53 39 39
0113_0023_0010_0057_0057.jpg 1 23 10 57 57
0114_0009_0005_0067_0067.jpg 1 9 5 67 67
0115_0014_0016_0065_0065.jpg 1 14 16 65 65
0116_0010_0005_0056_0056.jpg 1 10 5 56 56
0117_0020_0010_0048_0048.jpg 1 20 10 48 48
0118_0053_0015_0037_0037.jpg 1 53 15 37 37
0119_0046_0041_0024_0024.jpg 1 46 41 24 24
0120_0030_0059_0028_0028.jpg 1 30 59 28 28
0121_0018_0024_0064_0064.jpg 1 18 24 64 64
0122_0034_0024_0035_0035.jpg 1 34 24 35 35
0123_0032_0032_0063_0063.jpg 1 32 32 63 63
0124_0035_0043_0038_0038.jpg 1 35 43 38 38
0125_0056_0068_0024_0024.jpg 1 56 68 24 24
0126_0051_0055_0033_0033.jpg 1 51 55 33 33
0127_0011_0028_0041_0041.jpg 1 11 28 41 41
0128_0056_0032_0031_0031.jpg 1 56 32 31 31
0129_0012_0014_0027_0027.jpg 1 12 14 27 27
0130_0044_0055_0036_0036.jpg 1 44 55 36 36
0131_0042_0010_0037_0037.jpg 1 42 10 37 37
0132_0012_0030_0033_0033.jpg 1 12 30 33 33
0133_0054_0036_0027_0027.jpg 1 54 36 27 27
0134_0047_0339_0086_0086.jpg 1 47 339 86 86
0135_0030_0060_0032_0032.jpg 1 30 60 32 32
0136_0042_0036_0025_0025.jpg 1 42 36 25 25
0137_0060_0049_0025_0025.jpg 1 60 49 25 25
0138_0041_0006_0053_0053.jpg 1 41 6 53 53
0139_0043_0043_0044_0044.jpg 1 43 43 44 44
0140_0006_0049_0043_0043.jpg 1 6 49 43 43
0141_0022_0023_0066_0066.jpg 1 22 23 66 66
0142_0011_0020_0069_0069.jpg 1 11 20 69 69
0143_0030_0023_0028_0028.jpg 1 30 23 28 28
0144_0022_0017_0067_0067.jpg 1 22 17 67 67
0145_0024_0004_0060_0060.jpg 1 24 4 60 60
0146_0029_0044_0049_0049.jpg 1 29 44 49 49
0147_0034_0030_0042_0042.jpg 1 34 30 42 42
0148_0011_0006_0063_0063.jpg 1 11 6 63 63
0149_0046_0032_0039_0039.jpg 1 46 32 39 39
0150_0011_0027_0047_0047.jpg 1 11 27 47 47
0151_0027_0033_0062_0062.jpg 1 27 33 62 62
0152_0020_0006_0044_0044.jpg 1 20 6 44 44
0153_0007_0009_0069_0069.jpg 1 7 9 69 69
0154_0012_0009_0069_0069.jpg 1 12 9 69 69
0155_0010_0028_0066_0066.jpg 1 10 28 66 66
0156_0038_0019_0053_0053.jpg 1 38 19 53 53
0157_0013_0031_0038_0038.jpg 1 13 31 38 38
0158_0008_0031_0046_0046.jpg 1 8 31 46 46
0159_0006_0022_0057_0057.jpg 1 6 22 57 57
0160_0032_0036_0032_0032.jpg 1 32 36 32 32
0161_0026_0031_0064_0064.jpg 1 26 31 64 64
0162_0007_0013_0065_0065.jpg 1 7 13 65 65
0163_0011_0037_0043_0043.jpg 1 11 37 43 43
0164_0028_0004_0063_0063.jpg 1 28 4 63 63
0165_0064_0048_0025_0025.jpg 1 64 48 25 25
0166_0029_0023_0041_0041.jpg 1 29 23 41 41
0167_0008_0028_0063_0063.jpg 1 8 28 63 63
0168_0025_0021_0056_0056.jpg 1 25 21 56 56
0169_0046_0023_0047_0047.jpg 1 46 23 47 47
0170_0012_0050_0033_0033.jpg 1 12 50 33 33
0171_0028_0046_0037_0037.jpg 1 28 46 37 37
0172_0030_0009_0049_0049.jpg 1 30 9 49 49
0173_0008_0031_0065_0065.jpg 1 8 31 65 65
0174_0012_0013_0045_0045.jpg 1 12 13 45 45
0175_0025_0019_0046_0046.jpg 1 25 19 46 46
0176_0007_0014_0063_0063.jpg 1 7 14 63 63
0177_0006_0044_0048_0048.jpg 1 6 44 48 48
0178_0007_0029_0064_0064.jpg 1 7 29 64 64
0179_0032_0052_0036_0036.jpg 1 32 52 36 36
0180_0038_0018_0045_0045.jpg 1 38 18 45 45
0181_0025_0012_0052_0052.jpg 1 25 12 52 52
0182_0007_0017_0064_0064.jpg 1 7 17 64 64
0183_0005_0006_0053_0053.jpg 1 5 6 53 53
0184_0019_0006_0066_0066.jpg 1 19 6 66 66
0185_0041_0037_0040_0040.jpg 1 41 37 40 40
0186_0006_0008_0068_0068.jpg 1 6 8 68 68
0187_0007_0028_0063_0063.jpg 1 7 28 63 63
0188_0017_0026_0043_0043.jpg 1 17 26 43 43
0189_0050_0046_0033_0033.jpg 1 50 46 33 33
0190_0022_0010_0063_0063.jpg 1 22 10 63 63
0191_0027_0027_0057_0057.jpg 1 27 27 57 57
0192_0049_0016_0031_0031.jpg 1 49 16 31 31
0193_0009_0029_0046_0046.jpg 1 9 29 46 46
0194_0047_0046_0027_0027.jpg 1 47 46 27 27
0195_0021_0014_0046_0046.jpg 1 21 14 46 46
0196_0007_0014_0053_0053.jpg 1 7 14 53 53
0197_0025_0032_0062_0062.jpg 1 25 32 62 62
0198_0022_0023_0046_0046.jpg 1 22 23 46 46
0199_0024_0008_0059_0059.jpg 1 24 8 59 59
0200_0046_0024_0044_0044.jpg 1 46 24 44 44
0201_0019_0024_0034_0034.jpg 1 19 24 34 34
0202_0029_0032_0044_0044.jpg 1 29 32 44 44
0203_0029_0013_0048_0048.jpg 1 29 13 48 48
0204_0012_0009_0068_0068.jpg 1 12 9 68 68
0205_0011_0031_0064_0064.jpg 1 11 31 64 64
0206_0024_0025_0057_0057.jpg 1 24 25 57 57
0207_0039_0035_0050_0050.jpg 1 39 35 50 50
0208_0016_0011_0049_0049.jpg 1 16 11 49 49
0209_0016_0013_0069_0069.jpg 1 16 13 69 69
0210_0007_0020_0069_0069.jpg 1 7 20 69 69
0211_0058_0056_0026_0026.jpg 1 58 56 26 26
0212_0017_0050_0037_0037.jpg 1 17 50 37 37
0213_0060_0036_0025_0025.jpg 1 60 36 25 25
0214_0045_0030_0047_0047.jpg 1 45 30 47 47
0215_0033_0005_0061_0061.jpg 1 33 5 61 61
0216_0027_0024_0045_0045.jpg 1 27 24 45 45
0217_0047_0042_0036_0036.jpg 1 47 42 36 36
0218_0021_0011_0060_0060.jpg 1 21 11 60 60
0219_0036_0026_0048_0048.jpg 1 36 26 48 48
0220_0010_0034_0038_0038.jpg 1 10 34 38 38
0221_0017_0011_0058_0058.jpg 1 17 11 58 58
0222_0007_0019_0068_0068.jpg 1 7 19 68 68
0223_0007_0015_0033_0033.jpg 1 7 15 33 33
0224_0010_0011_0055_0055.jpg 1 10 11 55 55
0225_0022_0034_0055_0055.jpg 1 22 34 55 55
0226_0006_0004_0064_0064.jpg 1 6 4 64 64
0227_0016_0004_0068_0068.jpg 1 16 4 68 68
0228_0043_0009_0045_0045.jpg 1 43 9 45 45
0229_0032_0007_0041_0041.jpg 1 32 7 41 41
0230_0021_0037_0040_0040.jpg 1 21 37 40 40
0231_0012_0018_0062_0062.jpg 1 12 18 62 62
0232_0053_0044_0037_0037.jpg 1 53 44 37 37
0233_0017_0026_0067_0067.jpg 1 17 26 67 67
0234_0026_0048_0044_0044.jpg 1 26 48 44 44
0235_0025_0018_0067_0067.jpg 1 25 18 67 67
0236_0007_0028_0055_0055.jpg 1 7 28 55 55
0237_0029_0009_0059_0059.jpg 1 29 9 59 59
0238_0010_0028_0061_0061.jpg 1 10 28 61 61
0239_0049_0011_0032_0032.jpg 1 49 11 32 32
0240_0009_0020_0056_0056.jpg 1 9 20 56 56
0241_0055_0059_0027_0027.jpg 1 55 59 27 27
0242_0023_0058_0033_0033.jpg 1 23 58 33 33
0243_0018_0045_0027_0027.jpg 1 18 45 27 27
0244_0017_0007_0066_0066.jpg 1 17 7 66 66
0245_0014_0054_0037_0037.jpg 1 14 54 37 37
0246_0009_0011_0064_0064.jpg 1 9 11 64 64
0247_0008_0047_0040_0040.jpg 1 8 47 40 40
0248_0038_0050_0026_0026.jpg 1 38 50 26 26
0249_0012_0034_0057_0057.jpg 1 12 34 57 57
0250_0024_0029_0052_0052.jpg 1 24 29 52 52
0251_0030_0020_0045_0045.jpg 1 30 20 45 45
0252_0011_0010_0059_0059.jpg 1 11 10 59 59
0253_0023_0006_0062_0062.jpg 1 23 6 62 62
0254_0024_0018_0052_0052.jpg 1 24 18 52 52
0255_0022_0032_0039_0039.jpg 1 22 32 39 39
0256_0019_0026_0042_0042.jpg 1 19 26 42 42
0257_0022_0012_0067_0067.jpg 1 22 12 67 67
0258_0047_0021_0024_0024.jpg 1 47 21 24 24
0259_0018_0028_0058_0058.jpg 1 18 28 58 58
0260_0012_0039_0042_0042.jpg 1 12 39 42 42
0261_0018_0015_0058_0058.jpg 1 18 15 58 58
0262_0005_0018_0068_0068.jpg 1 5 18 68 68
0263_0025_0039_0054_0054.jpg 1 25 39 54 54
0264_0018_0055_0034_0034.jpg 1 18 55 34 34
0265_0024_0008_0067_0067.jpg 1 24 8 67 67
0266_0034_0033_0041_0041.jpg 1 34 33 41 41
0267_0006_0007_0038_0038.jpg 1 6 7 38 38
0268_0046_0022_0028_0028.jpg 1 46 22 28 28
0269_0018_0025_0063_0063.jpg 1 18 25 63 63
0270_0025_0012_0054_0054.jpg 1 25 12 54 54
0271_0047_0044_0046_0046.jpg 1 47 44 46 46
0272_0027_0018_0045_0045.jpg 1 27 18 45 45
0273_0030_0007_0056_0056.jpg 1 30 7 56 56
0274_0006_0021_0063_0063.jpg 1 6 21 63 63
0275_0026_0003_0066_0066.jpg 1 26 3 66 66
0276_0033_0038_0024_0024.jpg 1 33 38 24 24
0277_0011_0006_0069_0069.jpg 1 11 6 69 69
0278_0014_0008_0033_0033.jpg 1 14 8 33 33
0279_0012_0011_0051_0051.jpg 1 12 11 51 51
0280_0030_0043_0044_0044.jpg 1 30 43 44 44
0281_0029_0005_0055_0055.jpg 1 29 5 55 55
0282_0007_0004_0063_0063.jpg 1 7 4 63 63
0283_0013_0020_0054_0054.jpg 1 13 20 54 54
0284_0023_0018_0065_0065.jpg 1 23 18 65 65
0285_0055_0028_0033_0033.jpg 1 55 28 33 33
0286_0020_0004_0069_0069.jpg 1 20 4 69 69
0287_0009_0011_0055_0055.jpg 1 9 11 55 55
0288_0035_0035_0029_0029.jpg 1 35 35 29 29
0289_0019_0009_0024_0024.jpg 1 19 9 24 24
0290_0013_0011_0067_0067.jpg 1 13 11 67 67
0291_0012_0021_0047_0047.jpg 1 12 21 47 47
0292_0054_0059_0031_0031.jpg 1 54 59 31 31
0293_0012_0024_0041_0041.jpg 1 12 24 41 41
0294_0034_0018_0056_0056.jpg 1 34 18 56 56
0295_0055_0014_0032_0032.jpg 1 55 14 32 32
0296_0027_0044_0029_0029.jpg 1 27 44 29 29
0297_0032_0043_0040_0040.jpg 1 32 43 40 40
0298_0034_0033_0055_0055.jpg 1 34 33 55 55
0299_0055_0030_0038_0038.jpg 1 55 30 38 38
0300_0035_0032_0047_0047.jpg 1 35 32 47 47
0301_0024_0017_0051_0051.jpg 1 24 17 51 51
0302_0047_0008_0033_0033.jpg 1 47 8 33 33
0303_0025_0024_0057_0057.jpg 1 25 24 57 57
0304_0022_0047_0036_0036.jpg 1 22 47 36 36
0305_0019_0019_0053_0053.jpg 1 19 19 53 53
0306_0029_0023_0053_0053.jpg 1 29 23 53 53
0307_0012_0031_0033_0033.jpg 1 12 31 33 33
0308_0012_0005_0063_0063.jpg 1 12 5 63 63
0309_0005_0028_0061_0061.jpg 1 5 28 61 61
0310_0018_0025_0053_0053.jpg 1 18 25 53 53
0311_0027_0009_0058_0058.jpg 1 27 9 58 58
0312_0046_0035_0033_0033.jpg 1 46 35 33 33
0313_0017_0027_0046_0046.jpg 1 17 27 46 46
0314_0023_0016_0031_0031.jpg 1 23 16 31 31
0315_0026_0035_0058_0058.jpg 1 26 35 58 58
0316_0024_0009_0056_0056.jpg 1 24 9 56 56
0317_0020_0020_0042_0042.jpg 1 20 20 42 42
0318_0005_0015_0050_0050.jpg 1 5 15 50 50
0319_0029_0014_0027_0027.jpg 1 29 14 27 27
0320_0060_0030_0032_0032.jpg 1 60 30 32 32
0321_0044_0024_0024_0024.jpg 1 44 24 24 24
0322_0027_0009_0058_0058.jpg 1 27 9 58 58
0323_0036_0011_0056_0056.jpg 1 36 11 56 56
0324_0050_0034_0042_0042.jpg 1 50 34 42 42
0325_0032_0048_0028_0028.jpg 1 32 48 28 28
0326_0042_0066_0024_0024.jpg 1 42 66 24 24
0327_0035_0016_0040_0040.jpg 1 35 16 40 40
0328_0037_0035_0028_0028.jpg 1 37 35 28 28
0329_0008_0027_0060_0060.jpg 1 8 27 60 60
0330_0044_0009_0034_0034.jpg 1 44 9 34 34
0331_0010_0008_0068_0068.jpg 1 10 8 68 68
0332_0035_0018_0054_0054.jpg 1 35 18 54 54
0333_0015_0019_0063_0063.jpg 1 15 19 63 63
0334_0032_0025_0060_0060.jpg 1 32 25 60 60
0335_0024_0058_0034_0034.jpg 1 24 58 34 34
0336_0033_0047_0046_0046.jpg 1 33 47 46 46
0337_0035_0032_0048_0048.jpg 1 35 32 48 48
0338_0043_0059_0026_0026.jpg 1 43 59 26 26
0339_0029_0028_0063_0063.jpg 1 29 28 63 63
0340_0021_0015_0056_0056.jpg 1 21 15 56 56
0341_0015_0049_0031_0031.jpg 1 15 49 31 31
0342_0039_0051_0024_0024.jpg 1 39 51 24 24
0343_0030_0026_0064_0064.jpg 1 30 26 64 64
0344_0014_0016_0047_0047.jpg 1 14 16 47 47
0345_0009_0020_0040_0040.jpg 1 9 20 40 40
0346_0037_0035_0057_0057.jpg 1 37 35 57 57
0347_0061_0044_0030_0030.jpg 1 61 44 30 30
0348_0025_0025_0054_0054.jpg 1 25 25 54 54
0349_0032_0009_0060_0060.jpg 1 32 9 60 60
0350_0034_0021_0055_0055.jpg 1 34 21 55 55
0351_0047_0013_0026_0026.jpg 1 47 13 26 26
0352_0022_0011_0065_0065.jpg 1 22 11 65 65
0353_0016_0036_0057_0057.jpg 1 16 36 57 57
0354_0040_0014_0040_0040.jpg 1 40 14 40 40
0355_0032_0014_0052_0052.jpg 1 32 14 52 52
0356_0043_0032_0037_0037.jpg 1 43 32 37 37
0357_0056_0051_0033_0033.jpg 1 56 51 33 33
0358_0016_0033_0046_0046.jpg 1 16 33 46 46
0359_0021_0025_0043_0043.jpg 1 21 25 43 43
0360_0051_0037_0031_0031.jpg 1 51 37 31 31
0361_0029_0024_0042_0042.jpg 1 29 24 42 42
0362_0020_0031_0062_0062.jpg 1 20 31 62 62
0363_0026_0026_0027_0027.jpg 1 26 26 27 27
0364_0033_0038_0040_0040.jpg 1 33 38 40 40
0365_0013_0022_0069_0069.jpg 1 13 22 69 69
0366_0043_0030_0032_0032.jpg 1 43 30 32 32
0367_0021_0024_0066_0066.jpg 1 21 24 66 66
0368_0025_0063_0029_0029.jpg 1 25 63 29 29
0369_0021_0029_0049_0049.jpg 1 21 29 49 49
0370_0043_0047_0026_0026.jpg 1 43 47 26 26
0371_0028_0025_0058_0058.jpg 1 28 25 58 58
0372_0032_0047_0024_0024.jpg 1 32 47 24 24
0373_0034_0026_0057_0057.jpg 1 34 26 57 57
0374_0021_0013_0059_0059.jpg 1 21 13 59 59
0375_0009_0004_0062_0062.jpg 1 9 4 62 62
0376_0032_0007_0057_0057.jpg 1 32 7 57 57
0377_0025_0012_0028_0028.jpg 1 25 12 28 28
0378_0039_0058_0028_0028.jpg 1 39 58 28 28
0379_0007_0018_0050_0050.jpg 1 7 18 50 50
0380_0034_0021_0055_0055.jpg 1 34 21 55 55
0381_0041_0057_0028_0028.jpg 1 41 57 28 28
0382_0007_0020_0054_0054.jpg 1 7 20 54 54
0383_0059_0061_0031_0031.jpg 1 59 61 31 31
0384_0024_0031_0053_0053.jpg 1 24 31 53 53
0385_0042_0018_0028_0028.jpg 1 42 18 28 28
0386_0010_0034_0030_0030.jpg 1 10 34 30 30
0387_0018_0014_0062_0062.jpg 1 18 14 62 62
0388_0044_0039_0039_0039.jpg 1 44 39 39 39
0389_0014_0028_0061_0061.jpg 1 14 28 61 61
0390_0021_0008_0061_0061.jpg 1 21 8 61 61
0391_0021_0036_0038_0038.jpg 1 21 36 38 38
0392_0037_0053_0027_0027.jpg 1 37 53 27 27
0393_0025_0011_0069_0069.jpg 1 25 11 69 69
0394_0027_0016_0026_0026.jpg 1 27 16 26 26
0395_0009_0004_0055_0055.jpg 1 9 4 55 55
0396_0034_0021_0061_0061.jpg 1 34 21 61 61
0397_0037_0006_0038_0038.jpg 1 37 6 38 38
0398_0026_0028_0066_0066.jpg 1 26 28 66 66
0399_0012_0009_0061_0061.jpg 1 12 9 61 61
0400_0009_0010_0026_0026.jpg 1 9 10 26 26
0401_0026_0026_0047_0047.jpg 1 26 26 47 47
0402_0016_0039_0053_0053.jpg 1 16 39 53 53
0403_0028_0029_0027_0027.jpg 1 28 29 27 27
0404_0030_0010_0054_0054.jpg 1 30 10 54 54
0405_0008_0035_0026_0026.jpg 1 8 35 26 26
0406_0017_0010_0035_0035.jpg 1 17 10 35 35
0407_0027_0020_0069_0069.jpg 1 27 20 69 69
0408_0049_0038_0044_0044.jpg 1 49 38 44 44
0409_0033_0021_0044_0044.jpg 1 33 21 44 44
0410_0048_0044_0032_0032.jpg 1 48 44 32 32
0411_0037_0020_0051_0051.jpg 1 37 20 51 51
0412_0019_0021_0056_0056.jpg 1 19 21 56 56
0413_0007_0046_0039_0039.jpg 1 7 46 39 39
0414_0035_0015_0033_0033.jpg 1 35 15 33 33
0415_0018_0005_0058_0058.jpg 1 18 5 58 58
0416_0035_0017_0035_0035.jpg 1 35 17 35 35
0417_0049_0025_0025_0025.jpg 1 49 25 25 25
0418_0131_0154_0254_0254.jpg 1 131 154 254 254
0419_0020_0053_0035_0035.jpg 1 20 53 35 35
0420_0027_0019_0043_0043.jpg 1 27 19 43 43
0421_0045_0043_0044_0044.jpg 1 45 43 44 44
0422_0028_0009_0027_0027.jpg 1 28 9 27 27
0423_0014_0037_0038_0038.jpg 1 14 37 38 38
0424_0035_0048_0027_0027.jpg 1 35 48 27 27
0425_0025_0023_0038_0038.jpg 1 25 23 38 38
0426_0012_0026_0045_0045.jpg 1 12 26 45 45
